<?xml version="1.0" encoding="UTF-8"?>
<testng-results ignored="0" total="1" passed="1" failed="0" skipped="0">
  <reporter-output>
  </reporter-output>
  <suite started-at="2023-03-05T00:03:02 BDT" name="Suite" finished-at="2023-03-05T00:03:04 BDT" duration-ms="2510">
    <groups>
    </groups>
    <test started-at="2023-03-05T00:03:02 BDT" name="Test" finished-at="2023-03-05T00:03:04 BDT" duration-ms="2510">
      <class name="testCases.LoginTest">
        <test-method is-config="true" signature="di()[pri:0, instance:testCases.LoginTest@5e600dd5]" started-at="2023-03-05T00:02:52 BDT" name="di" finished-at="2023-03-05T00:03:02 BDT" duration-ms="9606" status="PASS">
          <reporter-output>
          </reporter-output>
        </test-method> <!-- di -->
        <test-method signature="login()[pri:0, instance:testCases.LoginTest@5e600dd5]" started-at="2023-03-05T00:03:02 BDT" name="login" finished-at="2023-03-05T00:03:04 BDT" duration-ms="2420" status="PASS">
          <reporter-output>
          </reporter-output>
        </test-method> <!-- login -->
      </class> <!-- testCases.LoginTest -->
    </test> <!-- Test -->
  </suite> <!-- Suite -->
</testng-results>
